Traceback (most recent call last):
  File "/home/cheese/Documents/Vault/Blockchain/Project/mev-inspect-pyrevm/quick_test.py", line 55, in test_transaction_analysis
    swaps = detector.detect_swaps(tx_hash, block_number)
            ^^^^^^^^^^^^^^^^^^^^^^^^^^^^^^^^^^^^^^^^^^^^
  File "/home/cheese/Documents/Vault/Blockchain/Project/mev-inspect-pyrevm/mev_inspect/enhanced_swap_detector.py", line 166, in detect_swaps
    replayer = TransactionReplayer(
               ^^^^^^^^^^^^^^^^^^^^
  File "/home/cheese/Documents/Vault/Blockchain/Project/mev-inspect-pyrevm/mev_inspect/replay.py", line 96, in __init__
    self._initialize_evm()
  File "/home/cheese/Documents/Vault/Blockchain/Project/mev-inspect-pyrevm/mev_inspect/replay.py", line 104, in _initialize_evm
    self.evm = Evm()
               ^^^
NameError: name 'Evm' is not defined. Did you mean: 'EVM'?
============================================================
MEV-INSPECT-PYREVM: Quick Production Test
============================================================
Testing imports...
✅ All imports successful

Testing RPC: https://eth-mainnet.g.alchemy.com/v2/Ks07rtt_4P4Y4...
✅ RPC working - Latest block: 23832734

Testing transaction analysis...
  Fetching transaction...
  Block: 11912416
  Initializing state manager...
  Detecting swaps...
❌ Analysis failed: name 'Evm' is not defined

Testing cache...
✅ Cache test passed

============================================================
TEST SUMMARY
============================================================
Imports                        ✅ PASS
RPC Connection                 ✅ PASS
Transaction Analysis           ❌ FAIL
Cache                          ✅ PASS

Total: 3/4 passed

❌ 1 TEST(S) FAILED
